===2018-12-05 14:52:48.767 WARN  org.mybatis.spring.mapper.ClassPathMapperScanner Line:239 - Skipping MapperFactoryBean with name 'calendarMapper' and 'CalendarMapper' mapperInterface. Bean already defined with the same name!
===2018-12-05 14:52:48.768 WARN  org.mybatis.spring.mapper.ClassPathMapperScanner Line:239 - Skipping MapperFactoryBean with name 'diaryContentMapper' and 'DiaryContentMapper' mapperInterface. Bean already defined with the same name!
===2018-12-05 14:52:48.768 WARN  org.mybatis.spring.mapper.ClassPathMapperScanner Line:239 - Skipping MapperFactoryBean with name 'diaryMapper' and 'DiaryMapper' mapperInterface. Bean already defined with the same name!
===2018-12-05 14:52:48.769 WARN  org.mybatis.spring.mapper.ClassPathMapperScanner Line:239 - Skipping MapperFactoryBean with name 'diaryPwdMapper' and 'DiaryPwdMapper' mapperInterface. Bean already defined with the same name!
===2018-12-05 14:52:48.770 WARN  org.mybatis.spring.mapper.ClassPathMapperScanner Line:239 - Skipping MapperFactoryBean with name 'exceptionRecordMapper' and 'ExceptionRecordMapper' mapperInterface. Bean already defined with the same name!
===2018-12-05 14:52:48.770 WARN  org.mybatis.spring.mapper.ClassPathMapperScanner Line:239 - Skipping MapperFactoryBean with name 'exceptionTypeMapper' and 'ExceptionTypeMapper' mapperInterface. Bean already defined with the same name!
===2018-12-05 14:52:48.771 WARN  org.mybatis.spring.mapper.ClassPathMapperScanner Line:239 - Skipping MapperFactoryBean with name 'moodMapper' and 'MoodMapper' mapperInterface. Bean already defined with the same name!
===2018-12-05 14:52:48.771 WARN  org.mybatis.spring.mapper.ClassPathMapperScanner Line:239 - Skipping MapperFactoryBean with name 'statisticsMapper' and 'StatisticsMapper' mapperInterface. Bean already defined with the same name!
===2018-12-05 14:52:48.772 WARN  org.mybatis.spring.mapper.ClassPathMapperScanner Line:239 - Skipping MapperFactoryBean with name 'userMapper' and 'UserMapper' mapperInterface. Bean already defined with the same name!
===2018-12-05 14:52:48.772 WARN  org.mybatis.spring.mapper.ClassPathMapperScanner Line:166 - No MyBatis mapper was found in '[com.lh.diary]' package. Please check your configuration.
===2018-12-05 14:59:44.888 WARN  org.mybatis.spring.mapper.ClassPathMapperScanner Line:239 - Skipping MapperFactoryBean with name 'calendarMapper' and 'CalendarMapper' mapperInterface. Bean already defined with the same name!
===2018-12-05 14:59:44.888 WARN  org.mybatis.spring.mapper.ClassPathMapperScanner Line:239 - Skipping MapperFactoryBean with name 'diaryContentMapper' and 'DiaryContentMapper' mapperInterface. Bean already defined with the same name!
===2018-12-05 14:59:44.889 WARN  org.mybatis.spring.mapper.ClassPathMapperScanner Line:239 - Skipping MapperFactoryBean with name 'diaryMapper' and 'DiaryMapper' mapperInterface. Bean already defined with the same name!
===2018-12-05 14:59:44.889 WARN  org.mybatis.spring.mapper.ClassPathMapperScanner Line:239 - Skipping MapperFactoryBean with name 'diaryPwdMapper' and 'DiaryPwdMapper' mapperInterface. Bean already defined with the same name!
===2018-12-05 14:59:44.889 WARN  org.mybatis.spring.mapper.ClassPathMapperScanner Line:239 - Skipping MapperFactoryBean with name 'exceptionRecordMapper' and 'ExceptionRecordMapper' mapperInterface. Bean already defined with the same name!
===2018-12-05 14:59:44.889 WARN  org.mybatis.spring.mapper.ClassPathMapperScanner Line:239 - Skipping MapperFactoryBean with name 'exceptionTypeMapper' and 'ExceptionTypeMapper' mapperInterface. Bean already defined with the same name!
===2018-12-05 14:59:44.890 WARN  org.mybatis.spring.mapper.ClassPathMapperScanner Line:239 - Skipping MapperFactoryBean with name 'moodMapper' and 'MoodMapper' mapperInterface. Bean already defined with the same name!
===2018-12-05 14:59:44.890 WARN  org.mybatis.spring.mapper.ClassPathMapperScanner Line:239 - Skipping MapperFactoryBean with name 'statisticsMapper' and 'StatisticsMapper' mapperInterface. Bean already defined with the same name!
===2018-12-05 14:59:44.890 WARN  org.mybatis.spring.mapper.ClassPathMapperScanner Line:239 - Skipping MapperFactoryBean with name 'userMapper' and 'UserMapper' mapperInterface. Bean already defined with the same name!
===2018-12-05 14:59:44.890 WARN  org.mybatis.spring.mapper.ClassPathMapperScanner Line:166 - No MyBatis mapper was found in '[com.lh.diary]' package. Please check your configuration.
===2018-12-05 15:06:41.662 WARN  org.mybatis.spring.mapper.ClassPathMapperScanner Line:239 - Skipping MapperFactoryBean with name 'calendarMapper' and 'CalendarMapper' mapperInterface. Bean already defined with the same name!
===2018-12-05 15:06:41.663 WARN  org.mybatis.spring.mapper.ClassPathMapperScanner Line:239 - Skipping MapperFactoryBean with name 'diaryContentMapper' and 'DiaryContentMapper' mapperInterface. Bean already defined with the same name!
===2018-12-05 15:06:41.663 WARN  org.mybatis.spring.mapper.ClassPathMapperScanner Line:239 - Skipping MapperFactoryBean with name 'diaryMapper' and 'DiaryMapper' mapperInterface. Bean already defined with the same name!
===2018-12-05 15:06:41.663 WARN  org.mybatis.spring.mapper.ClassPathMapperScanner Line:239 - Skipping MapperFactoryBean with name 'diaryPwdMapper' and 'DiaryPwdMapper' mapperInterface. Bean already defined with the same name!
===2018-12-05 15:06:41.663 WARN  org.mybatis.spring.mapper.ClassPathMapperScanner Line:239 - Skipping MapperFactoryBean with name 'exceptionRecordMapper' and 'ExceptionRecordMapper' mapperInterface. Bean already defined with the same name!
===2018-12-05 15:06:41.663 WARN  org.mybatis.spring.mapper.ClassPathMapperScanner Line:239 - Skipping MapperFactoryBean with name 'exceptionTypeMapper' and 'ExceptionTypeMapper' mapperInterface. Bean already defined with the same name!
===2018-12-05 15:06:41.664 WARN  org.mybatis.spring.mapper.ClassPathMapperScanner Line:239 - Skipping MapperFactoryBean with name 'moodMapper' and 'MoodMapper' mapperInterface. Bean already defined with the same name!
===2018-12-05 15:06:41.664 WARN  org.mybatis.spring.mapper.ClassPathMapperScanner Line:239 - Skipping MapperFactoryBean with name 'statisticsMapper' and 'StatisticsMapper' mapperInterface. Bean already defined with the same name!
===2018-12-05 15:06:41.664 WARN  org.mybatis.spring.mapper.ClassPathMapperScanner Line:239 - Skipping MapperFactoryBean with name 'userMapper' and 'UserMapper' mapperInterface. Bean already defined with the same name!
===2018-12-05 15:06:41.664 WARN  org.mybatis.spring.mapper.ClassPathMapperScanner Line:166 - No MyBatis mapper was found in '[com.lh.diary]' package. Please check your configuration.
===2018-12-05 15:18:31.268 WARN  org.mybatis.spring.mapper.ClassPathMapperScanner Line:239 - Skipping MapperFactoryBean with name 'calendarMapper' and 'CalendarMapper' mapperInterface. Bean already defined with the same name!
===2018-12-05 15:18:31.269 WARN  org.mybatis.spring.mapper.ClassPathMapperScanner Line:239 - Skipping MapperFactoryBean with name 'diaryContentMapper' and 'DiaryContentMapper' mapperInterface. Bean already defined with the same name!
===2018-12-05 15:18:31.269 WARN  org.mybatis.spring.mapper.ClassPathMapperScanner Line:239 - Skipping MapperFactoryBean with name 'diaryMapper' and 'DiaryMapper' mapperInterface. Bean already defined with the same name!
===2018-12-05 15:18:31.269 WARN  org.mybatis.spring.mapper.ClassPathMapperScanner Line:239 - Skipping MapperFactoryBean with name 'diaryPwdMapper' and 'DiaryPwdMapper' mapperInterface. Bean already defined with the same name!
===2018-12-05 15:18:31.269 WARN  org.mybatis.spring.mapper.ClassPathMapperScanner Line:239 - Skipping MapperFactoryBean with name 'exceptionRecordMapper' and 'ExceptionRecordMapper' mapperInterface. Bean already defined with the same name!
===2018-12-05 15:18:31.269 WARN  org.mybatis.spring.mapper.ClassPathMapperScanner Line:239 - Skipping MapperFactoryBean with name 'exceptionTypeMapper' and 'ExceptionTypeMapper' mapperInterface. Bean already defined with the same name!
===2018-12-05 15:18:31.270 WARN  org.mybatis.spring.mapper.ClassPathMapperScanner Line:239 - Skipping MapperFactoryBean with name 'moodMapper' and 'MoodMapper' mapperInterface. Bean already defined with the same name!
===2018-12-05 15:18:31.270 WARN  org.mybatis.spring.mapper.ClassPathMapperScanner Line:239 - Skipping MapperFactoryBean with name 'statisticsMapper' and 'StatisticsMapper' mapperInterface. Bean already defined with the same name!
===2018-12-05 15:18:31.270 WARN  org.mybatis.spring.mapper.ClassPathMapperScanner Line:239 - Skipping MapperFactoryBean with name 'userMapper' and 'UserMapper' mapperInterface. Bean already defined with the same name!
===2018-12-05 15:18:31.270 WARN  org.mybatis.spring.mapper.ClassPathMapperScanner Line:166 - No MyBatis mapper was found in '[com.lh.diary]' package. Please check your configuration.
===2018-12-05 15:33:46.172 WARN  org.mybatis.spring.mapper.ClassPathMapperScanner Line:239 - Skipping MapperFactoryBean with name 'calendarMapper' and 'CalendarMapper' mapperInterface. Bean already defined with the same name!
===2018-12-05 15:33:46.173 WARN  org.mybatis.spring.mapper.ClassPathMapperScanner Line:239 - Skipping MapperFactoryBean with name 'diaryContentMapper' and 'DiaryContentMapper' mapperInterface. Bean already defined with the same name!
===2018-12-05 15:33:46.173 WARN  org.mybatis.spring.mapper.ClassPathMapperScanner Line:239 - Skipping MapperFactoryBean with name 'diaryMapper' and 'DiaryMapper' mapperInterface. Bean already defined with the same name!
===2018-12-05 15:33:46.173 WARN  org.mybatis.spring.mapper.ClassPathMapperScanner Line:239 - Skipping MapperFactoryBean with name 'diaryPwdMapper' and 'DiaryPwdMapper' mapperInterface. Bean already defined with the same name!
===2018-12-05 15:33:46.174 WARN  org.mybatis.spring.mapper.ClassPathMapperScanner Line:239 - Skipping MapperFactoryBean with name 'exceptionRecordMapper' and 'ExceptionRecordMapper' mapperInterface. Bean already defined with the same name!
===2018-12-05 15:33:46.174 WARN  org.mybatis.spring.mapper.ClassPathMapperScanner Line:239 - Skipping MapperFactoryBean with name 'exceptionTypeMapper' and 'ExceptionTypeMapper' mapperInterface. Bean already defined with the same name!
===2018-12-05 15:33:46.174 WARN  org.mybatis.spring.mapper.ClassPathMapperScanner Line:239 - Skipping MapperFactoryBean with name 'moodMapper' and 'MoodMapper' mapperInterface. Bean already defined with the same name!
===2018-12-05 15:33:46.174 WARN  org.mybatis.spring.mapper.ClassPathMapperScanner Line:239 - Skipping MapperFactoryBean with name 'statisticsMapper' and 'StatisticsMapper' mapperInterface. Bean already defined with the same name!
===2018-12-05 15:33:46.175 WARN  org.mybatis.spring.mapper.ClassPathMapperScanner Line:239 - Skipping MapperFactoryBean with name 'userMapper' and 'UserMapper' mapperInterface. Bean already defined with the same name!
===2018-12-05 15:33:46.175 WARN  org.mybatis.spring.mapper.ClassPathMapperScanner Line:166 - No MyBatis mapper was found in '[com.lh.diary]' package. Please check your configuration.
===2018-12-05 16:02:58.902 WARN  org.mybatis.spring.mapper.ClassPathMapperScanner Line:239 - Skipping MapperFactoryBean with name 'calendarMapper' and 'CalendarMapper' mapperInterface. Bean already defined with the same name!
===2018-12-05 16:02:58.904 WARN  org.mybatis.spring.mapper.ClassPathMapperScanner Line:239 - Skipping MapperFactoryBean with name 'diaryContentMapper' and 'DiaryContentMapper' mapperInterface. Bean already defined with the same name!
===2018-12-05 16:02:58.908 WARN  org.mybatis.spring.mapper.ClassPathMapperScanner Line:239 - Skipping MapperFactoryBean with name 'diaryMapper' and 'DiaryMapper' mapperInterface. Bean already defined with the same name!
===2018-12-05 16:02:58.909 WARN  org.mybatis.spring.mapper.ClassPathMapperScanner Line:239 - Skipping MapperFactoryBean with name 'diaryPwdMapper' and 'DiaryPwdMapper' mapperInterface. Bean already defined with the same name!
===2018-12-05 16:02:58.910 WARN  org.mybatis.spring.mapper.ClassPathMapperScanner Line:239 - Skipping MapperFactoryBean with name 'exceptionRecordMapper' and 'ExceptionRecordMapper' mapperInterface. Bean already defined with the same name!
===2018-12-05 16:02:58.910 WARN  org.mybatis.spring.mapper.ClassPathMapperScanner Line:239 - Skipping MapperFactoryBean with name 'exceptionTypeMapper' and 'ExceptionTypeMapper' mapperInterface. Bean already defined with the same name!
===2018-12-05 16:02:58.911 WARN  org.mybatis.spring.mapper.ClassPathMapperScanner Line:239 - Skipping MapperFactoryBean with name 'moodMapper' and 'MoodMapper' mapperInterface. Bean already defined with the same name!
===2018-12-05 16:02:58.912 WARN  org.mybatis.spring.mapper.ClassPathMapperScanner Line:239 - Skipping MapperFactoryBean with name 'statisticsMapper' and 'StatisticsMapper' mapperInterface. Bean already defined with the same name!
===2018-12-05 16:02:58.913 WARN  org.mybatis.spring.mapper.ClassPathMapperScanner Line:239 - Skipping MapperFactoryBean with name 'userMapper' and 'UserMapper' mapperInterface. Bean already defined with the same name!
===2018-12-05 16:02:58.915 WARN  org.mybatis.spring.mapper.ClassPathMapperScanner Line:166 - No MyBatis mapper was found in '[com.lh.diary]' package. Please check your configuration.
===2018-12-05 16:07:42.011 WARN  org.mybatis.spring.mapper.ClassPathMapperScanner Line:239 - Skipping MapperFactoryBean with name 'calendarMapper' and 'CalendarMapper' mapperInterface. Bean already defined with the same name!
===2018-12-05 16:07:42.012 WARN  org.mybatis.spring.mapper.ClassPathMapperScanner Line:239 - Skipping MapperFactoryBean with name 'diaryContentMapper' and 'DiaryContentMapper' mapperInterface. Bean already defined with the same name!
===2018-12-05 16:07:42.012 WARN  org.mybatis.spring.mapper.ClassPathMapperScanner Line:239 - Skipping MapperFactoryBean with name 'diaryMapper' and 'DiaryMapper' mapperInterface. Bean already defined with the same name!
===2018-12-05 16:07:42.012 WARN  org.mybatis.spring.mapper.ClassPathMapperScanner Line:239 - Skipping MapperFactoryBean with name 'diaryPwdMapper' and 'DiaryPwdMapper' mapperInterface. Bean already defined with the same name!
===2018-12-05 16:07:42.013 WARN  org.mybatis.spring.mapper.ClassPathMapperScanner Line:239 - Skipping MapperFactoryBean with name 'exceptionRecordMapper' and 'ExceptionRecordMapper' mapperInterface. Bean already defined with the same name!
===2018-12-05 16:07:42.013 WARN  org.mybatis.spring.mapper.ClassPathMapperScanner Line:239 - Skipping MapperFactoryBean with name 'exceptionTypeMapper' and 'ExceptionTypeMapper' mapperInterface. Bean already defined with the same name!
===2018-12-05 16:07:42.013 WARN  org.mybatis.spring.mapper.ClassPathMapperScanner Line:239 - Skipping MapperFactoryBean with name 'moodMapper' and 'MoodMapper' mapperInterface. Bean already defined with the same name!
===2018-12-05 16:07:42.013 WARN  org.mybatis.spring.mapper.ClassPathMapperScanner Line:239 - Skipping MapperFactoryBean with name 'statisticsMapper' and 'StatisticsMapper' mapperInterface. Bean already defined with the same name!
===2018-12-05 16:07:42.013 WARN  org.mybatis.spring.mapper.ClassPathMapperScanner Line:239 - Skipping MapperFactoryBean with name 'userMapper' and 'UserMapper' mapperInterface. Bean already defined with the same name!
===2018-12-05 16:07:42.014 WARN  org.mybatis.spring.mapper.ClassPathMapperScanner Line:166 - No MyBatis mapper was found in '[com.lh.diary]' package. Please check your configuration.
===2018-12-05 16:47:42.425 WARN  org.mybatis.spring.mapper.ClassPathMapperScanner Line:239 - Skipping MapperFactoryBean with name 'calendarMapper' and 'CalendarMapper' mapperInterface. Bean already defined with the same name!
===2018-12-05 16:47:42.426 WARN  org.mybatis.spring.mapper.ClassPathMapperScanner Line:239 - Skipping MapperFactoryBean with name 'diaryContentMapper' and 'DiaryContentMapper' mapperInterface. Bean already defined with the same name!
===2018-12-05 16:47:42.427 WARN  org.mybatis.spring.mapper.ClassPathMapperScanner Line:239 - Skipping MapperFactoryBean with name 'diaryMapper' and 'DiaryMapper' mapperInterface. Bean already defined with the same name!
===2018-12-05 16:47:42.427 WARN  org.mybatis.spring.mapper.ClassPathMapperScanner Line:239 - Skipping MapperFactoryBean with name 'diaryPwdMapper' and 'DiaryPwdMapper' mapperInterface. Bean already defined with the same name!
===2018-12-05 16:47:42.428 WARN  org.mybatis.spring.mapper.ClassPathMapperScanner Line:239 - Skipping MapperFactoryBean with name 'exceptionRecordMapper' and 'ExceptionRecordMapper' mapperInterface. Bean already defined with the same name!
===2018-12-05 16:47:42.428 WARN  org.mybatis.spring.mapper.ClassPathMapperScanner Line:239 - Skipping MapperFactoryBean with name 'exceptionTypeMapper' and 'ExceptionTypeMapper' mapperInterface. Bean already defined with the same name!
===2018-12-05 16:47:42.428 WARN  org.mybatis.spring.mapper.ClassPathMapperScanner Line:239 - Skipping MapperFactoryBean with name 'moodMapper' and 'MoodMapper' mapperInterface. Bean already defined with the same name!
===2018-12-05 16:47:42.429 WARN  org.mybatis.spring.mapper.ClassPathMapperScanner Line:239 - Skipping MapperFactoryBean with name 'statisticsMapper' and 'StatisticsMapper' mapperInterface. Bean already defined with the same name!
===2018-12-05 16:47:42.429 WARN  org.mybatis.spring.mapper.ClassPathMapperScanner Line:239 - Skipping MapperFactoryBean with name 'userMapper' and 'UserMapper' mapperInterface. Bean already defined with the same name!
===2018-12-05 16:47:42.430 WARN  org.mybatis.spring.mapper.ClassPathMapperScanner Line:166 - No MyBatis mapper was found in '[com.lh.diary]' package. Please check your configuration.
===2018-12-05 17:17:35.259 WARN  org.mybatis.spring.mapper.ClassPathMapperScanner Line:239 - Skipping MapperFactoryBean with name 'calendarMapper' and 'CalendarMapper' mapperInterface. Bean already defined with the same name!
===2018-12-05 17:17:35.262 WARN  org.mybatis.spring.mapper.ClassPathMapperScanner Line:239 - Skipping MapperFactoryBean with name 'diaryContentMapper' and 'DiaryContentMapper' mapperInterface. Bean already defined with the same name!
===2018-12-05 17:17:35.262 WARN  org.mybatis.spring.mapper.ClassPathMapperScanner Line:239 - Skipping MapperFactoryBean with name 'diaryMapper' and 'DiaryMapper' mapperInterface. Bean already defined with the same name!
===2018-12-05 17:17:35.263 WARN  org.mybatis.spring.mapper.ClassPathMapperScanner Line:239 - Skipping MapperFactoryBean with name 'diaryPwdMapper' and 'DiaryPwdMapper' mapperInterface. Bean already defined with the same name!
===2018-12-05 17:17:35.267 WARN  org.mybatis.spring.mapper.ClassPathMapperScanner Line:239 - Skipping MapperFactoryBean with name 'exceptionRecordMapper' and 'ExceptionRecordMapper' mapperInterface. Bean already defined with the same name!
===2018-12-05 17:17:35.267 WARN  org.mybatis.spring.mapper.ClassPathMapperScanner Line:239 - Skipping MapperFactoryBean with name 'exceptionTypeMapper' and 'ExceptionTypeMapper' mapperInterface. Bean already defined with the same name!
===2018-12-05 17:17:35.268 WARN  org.mybatis.spring.mapper.ClassPathMapperScanner Line:239 - Skipping MapperFactoryBean with name 'moodMapper' and 'MoodMapper' mapperInterface. Bean already defined with the same name!
===2018-12-05 17:17:35.268 WARN  org.mybatis.spring.mapper.ClassPathMapperScanner Line:239 - Skipping MapperFactoryBean with name 'statisticsMapper' and 'StatisticsMapper' mapperInterface. Bean already defined with the same name!
===2018-12-05 17:17:35.269 WARN  org.mybatis.spring.mapper.ClassPathMapperScanner Line:239 - Skipping MapperFactoryBean with name 'userMapper' and 'UserMapper' mapperInterface. Bean already defined with the same name!
===2018-12-05 17:17:35.269 WARN  org.mybatis.spring.mapper.ClassPathMapperScanner Line:166 - No MyBatis mapper was found in '[com.lh.diary]' package. Please check your configuration.
