===2018-12-07 14:05:30.692 WARN  org.mybatis.spring.mapper.ClassPathMapperScanner Line:239 - Skipping MapperFactoryBean with name 'calendarMapper' and 'CalendarMapper' mapperInterface. Bean already defined with the same name!
===2018-12-07 14:05:30.739 WARN  org.mybatis.spring.mapper.ClassPathMapperScanner Line:239 - Skipping MapperFactoryBean with name 'diaryContentMapper' and 'DiaryContentMapper' mapperInterface. Bean already defined with the same name!
===2018-12-07 14:05:30.739 WARN  org.mybatis.spring.mapper.ClassPathMapperScanner Line:239 - Skipping MapperFactoryBean with name 'diaryMapper' and 'DiaryMapper' mapperInterface. Bean already defined with the same name!
===2018-12-07 14:05:30.755 WARN  org.mybatis.spring.mapper.ClassPathMapperScanner Line:239 - Skipping MapperFactoryBean with name 'diaryPwdMapper' and 'DiaryPwdMapper' mapperInterface. Bean already defined with the same name!
===2018-12-07 14:05:30.755 WARN  org.mybatis.spring.mapper.ClassPathMapperScanner Line:239 - Skipping MapperFactoryBean with name 'exceptionRecordMapper' and 'ExceptionRecordMapper' mapperInterface. Bean already defined with the same name!
===2018-12-07 14:05:30.755 WARN  org.mybatis.spring.mapper.ClassPathMapperScanner Line:239 - Skipping MapperFactoryBean with name 'exceptionTypeMapper' and 'ExceptionTypeMapper' mapperInterface. Bean already defined with the same name!
===2018-12-07 14:05:30.755 WARN  org.mybatis.spring.mapper.ClassPathMapperScanner Line:239 - Skipping MapperFactoryBean with name 'moodMapper' and 'MoodMapper' mapperInterface. Bean already defined with the same name!
===2018-12-07 14:05:30.755 WARN  org.mybatis.spring.mapper.ClassPathMapperScanner Line:239 - Skipping MapperFactoryBean with name 'statisticsMapper' and 'StatisticsMapper' mapperInterface. Bean already defined with the same name!
===2018-12-07 14:05:30.755 WARN  org.mybatis.spring.mapper.ClassPathMapperScanner Line:239 - Skipping MapperFactoryBean with name 'userMapper' and 'UserMapper' mapperInterface. Bean already defined with the same name!
===2018-12-07 14:05:30.755 WARN  org.mybatis.spring.mapper.ClassPathMapperScanner Line:166 - No MyBatis mapper was found in '[com.lh.diary]' package. Please check your configuration.
===2018-12-07 14:07:42.968 WARN  org.mybatis.spring.mapper.ClassPathMapperScanner Line:239 - Skipping MapperFactoryBean with name 'calendarMapper' and 'CalendarMapper' mapperInterface. Bean already defined with the same name!
===2018-12-07 14:07:42.968 WARN  org.mybatis.spring.mapper.ClassPathMapperScanner Line:239 - Skipping MapperFactoryBean with name 'diaryContentMapper' and 'DiaryContentMapper' mapperInterface. Bean already defined with the same name!
===2018-12-07 14:07:42.968 WARN  org.mybatis.spring.mapper.ClassPathMapperScanner Line:239 - Skipping MapperFactoryBean with name 'diaryMapper' and 'DiaryMapper' mapperInterface. Bean already defined with the same name!
===2018-12-07 14:07:42.968 WARN  org.mybatis.spring.mapper.ClassPathMapperScanner Line:239 - Skipping MapperFactoryBean with name 'diaryPwdMapper' and 'DiaryPwdMapper' mapperInterface. Bean already defined with the same name!
===2018-12-07 14:07:42.968 WARN  org.mybatis.spring.mapper.ClassPathMapperScanner Line:239 - Skipping MapperFactoryBean with name 'exceptionRecordMapper' and 'ExceptionRecordMapper' mapperInterface. Bean already defined with the same name!
===2018-12-07 14:07:42.968 WARN  org.mybatis.spring.mapper.ClassPathMapperScanner Line:239 - Skipping MapperFactoryBean with name 'exceptionTypeMapper' and 'ExceptionTypeMapper' mapperInterface. Bean already defined with the same name!
===2018-12-07 14:07:42.968 WARN  org.mybatis.spring.mapper.ClassPathMapperScanner Line:239 - Skipping MapperFactoryBean with name 'moodMapper' and 'MoodMapper' mapperInterface. Bean already defined with the same name!
===2018-12-07 14:07:42.968 WARN  org.mybatis.spring.mapper.ClassPathMapperScanner Line:239 - Skipping MapperFactoryBean with name 'statisticsMapper' and 'StatisticsMapper' mapperInterface. Bean already defined with the same name!
===2018-12-07 14:07:42.968 WARN  org.mybatis.spring.mapper.ClassPathMapperScanner Line:239 - Skipping MapperFactoryBean with name 'userMapper' and 'UserMapper' mapperInterface. Bean already defined with the same name!
===2018-12-07 14:07:42.968 WARN  org.mybatis.spring.mapper.ClassPathMapperScanner Line:166 - No MyBatis mapper was found in '[com.lh.diary]' package. Please check your configuration.
===2018-12-07 14:18:48.866 WARN  org.mybatis.spring.mapper.ClassPathMapperScanner Line:239 - Skipping MapperFactoryBean with name 'calendarMapper' and 'CalendarMapper' mapperInterface. Bean already defined with the same name!
===2018-12-07 14:18:48.866 WARN  org.mybatis.spring.mapper.ClassPathMapperScanner Line:239 - Skipping MapperFactoryBean with name 'diaryContentMapper' and 'DiaryContentMapper' mapperInterface. Bean already defined with the same name!
===2018-12-07 14:18:48.866 WARN  org.mybatis.spring.mapper.ClassPathMapperScanner Line:239 - Skipping MapperFactoryBean with name 'diaryMapper' and 'DiaryMapper' mapperInterface. Bean already defined with the same name!
===2018-12-07 14:18:48.866 WARN  org.mybatis.spring.mapper.ClassPathMapperScanner Line:239 - Skipping MapperFactoryBean with name 'diaryPwdMapper' and 'DiaryPwdMapper' mapperInterface. Bean already defined with the same name!
===2018-12-07 14:18:48.881 WARN  org.mybatis.spring.mapper.ClassPathMapperScanner Line:239 - Skipping MapperFactoryBean with name 'exceptionRecordMapper' and 'ExceptionRecordMapper' mapperInterface. Bean already defined with the same name!
===2018-12-07 14:18:48.881 WARN  org.mybatis.spring.mapper.ClassPathMapperScanner Line:239 - Skipping MapperFactoryBean with name 'exceptionTypeMapper' and 'ExceptionTypeMapper' mapperInterface. Bean already defined with the same name!
===2018-12-07 14:18:48.881 WARN  org.mybatis.spring.mapper.ClassPathMapperScanner Line:239 - Skipping MapperFactoryBean with name 'moodMapper' and 'MoodMapper' mapperInterface. Bean already defined with the same name!
===2018-12-07 14:18:48.881 WARN  org.mybatis.spring.mapper.ClassPathMapperScanner Line:239 - Skipping MapperFactoryBean with name 'statisticsMapper' and 'StatisticsMapper' mapperInterface. Bean already defined with the same name!
===2018-12-07 14:18:48.881 WARN  org.mybatis.spring.mapper.ClassPathMapperScanner Line:239 - Skipping MapperFactoryBean with name 'userMapper' and 'UserMapper' mapperInterface. Bean already defined with the same name!
===2018-12-07 14:18:48.881 WARN  org.mybatis.spring.mapper.ClassPathMapperScanner Line:166 - No MyBatis mapper was found in '[com.lh.diary]' package. Please check your configuration.
===2018-12-07 14:20:46.759 WARN  org.mybatis.spring.mapper.ClassPathMapperScanner Line:239 - Skipping MapperFactoryBean with name 'calendarMapper' and 'CalendarMapper' mapperInterface. Bean already defined with the same name!
===2018-12-07 14:20:46.759 WARN  org.mybatis.spring.mapper.ClassPathMapperScanner Line:239 - Skipping MapperFactoryBean with name 'diaryContentMapper' and 'DiaryContentMapper' mapperInterface. Bean already defined with the same name!
===2018-12-07 14:20:46.759 WARN  org.mybatis.spring.mapper.ClassPathMapperScanner Line:239 - Skipping MapperFactoryBean with name 'diaryMapper' and 'DiaryMapper' mapperInterface. Bean already defined with the same name!
===2018-12-07 14:20:46.759 WARN  org.mybatis.spring.mapper.ClassPathMapperScanner Line:239 - Skipping MapperFactoryBean with name 'diaryPwdMapper' and 'DiaryPwdMapper' mapperInterface. Bean already defined with the same name!
===2018-12-07 14:20:46.759 WARN  org.mybatis.spring.mapper.ClassPathMapperScanner Line:239 - Skipping MapperFactoryBean with name 'exceptionRecordMapper' and 'ExceptionRecordMapper' mapperInterface. Bean already defined with the same name!
===2018-12-07 14:20:46.759 WARN  org.mybatis.spring.mapper.ClassPathMapperScanner Line:239 - Skipping MapperFactoryBean with name 'exceptionTypeMapper' and 'ExceptionTypeMapper' mapperInterface. Bean already defined with the same name!
===2018-12-07 14:20:46.759 WARN  org.mybatis.spring.mapper.ClassPathMapperScanner Line:239 - Skipping MapperFactoryBean with name 'moodMapper' and 'MoodMapper' mapperInterface. Bean already defined with the same name!
===2018-12-07 14:20:46.759 WARN  org.mybatis.spring.mapper.ClassPathMapperScanner Line:239 - Skipping MapperFactoryBean with name 'statisticsMapper' and 'StatisticsMapper' mapperInterface. Bean already defined with the same name!
===2018-12-07 14:20:46.759 WARN  org.mybatis.spring.mapper.ClassPathMapperScanner Line:239 - Skipping MapperFactoryBean with name 'userMapper' and 'UserMapper' mapperInterface. Bean already defined with the same name!
===2018-12-07 14:20:46.759 WARN  org.mybatis.spring.mapper.ClassPathMapperScanner Line:166 - No MyBatis mapper was found in '[com.lh.diary]' package. Please check your configuration.
===2018-12-07 14:22:43.174 WARN  org.mybatis.spring.mapper.ClassPathMapperScanner Line:239 - Skipping MapperFactoryBean with name 'calendarMapper' and 'CalendarMapper' mapperInterface. Bean already defined with the same name!
===2018-12-07 14:22:43.175 WARN  org.mybatis.spring.mapper.ClassPathMapperScanner Line:239 - Skipping MapperFactoryBean with name 'diaryContentMapper' and 'DiaryContentMapper' mapperInterface. Bean already defined with the same name!
===2018-12-07 14:22:43.175 WARN  org.mybatis.spring.mapper.ClassPathMapperScanner Line:239 - Skipping MapperFactoryBean with name 'diaryMapper' and 'DiaryMapper' mapperInterface. Bean already defined with the same name!
===2018-12-07 14:22:43.175 WARN  org.mybatis.spring.mapper.ClassPathMapperScanner Line:239 - Skipping MapperFactoryBean with name 'diaryPwdMapper' and 'DiaryPwdMapper' mapperInterface. Bean already defined with the same name!
===2018-12-07 14:22:43.175 WARN  org.mybatis.spring.mapper.ClassPathMapperScanner Line:239 - Skipping MapperFactoryBean with name 'exceptionRecordMapper' and 'ExceptionRecordMapper' mapperInterface. Bean already defined with the same name!
===2018-12-07 14:22:43.175 WARN  org.mybatis.spring.mapper.ClassPathMapperScanner Line:239 - Skipping MapperFactoryBean with name 'exceptionTypeMapper' and 'ExceptionTypeMapper' mapperInterface. Bean already defined with the same name!
===2018-12-07 14:22:43.175 WARN  org.mybatis.spring.mapper.ClassPathMapperScanner Line:239 - Skipping MapperFactoryBean with name 'moodMapper' and 'MoodMapper' mapperInterface. Bean already defined with the same name!
===2018-12-07 14:22:43.175 WARN  org.mybatis.spring.mapper.ClassPathMapperScanner Line:239 - Skipping MapperFactoryBean with name 'statisticsMapper' and 'StatisticsMapper' mapperInterface. Bean already defined with the same name!
===2018-12-07 14:22:43.175 WARN  org.mybatis.spring.mapper.ClassPathMapperScanner Line:239 - Skipping MapperFactoryBean with name 'userMapper' and 'UserMapper' mapperInterface. Bean already defined with the same name!
===2018-12-07 14:22:43.175 WARN  org.mybatis.spring.mapper.ClassPathMapperScanner Line:166 - No MyBatis mapper was found in '[com.lh.diary]' package. Please check your configuration.
===2018-12-07 14:28:02.319 WARN  org.mybatis.spring.mapper.ClassPathMapperScanner Line:239 - Skipping MapperFactoryBean with name 'calendarMapper' and 'CalendarMapper' mapperInterface. Bean already defined with the same name!
===2018-12-07 14:28:02.319 WARN  org.mybatis.spring.mapper.ClassPathMapperScanner Line:239 - Skipping MapperFactoryBean with name 'diaryContentMapper' and 'DiaryContentMapper' mapperInterface. Bean already defined with the same name!
===2018-12-07 14:28:02.319 WARN  org.mybatis.spring.mapper.ClassPathMapperScanner Line:239 - Skipping MapperFactoryBean with name 'diaryMapper' and 'DiaryMapper' mapperInterface. Bean already defined with the same name!
===2018-12-07 14:28:02.319 WARN  org.mybatis.spring.mapper.ClassPathMapperScanner Line:239 - Skipping MapperFactoryBean with name 'diaryPwdMapper' and 'DiaryPwdMapper' mapperInterface. Bean already defined with the same name!
===2018-12-07 14:28:02.319 WARN  org.mybatis.spring.mapper.ClassPathMapperScanner Line:239 - Skipping MapperFactoryBean with name 'exceptionRecordMapper' and 'ExceptionRecordMapper' mapperInterface. Bean already defined with the same name!
===2018-12-07 14:28:02.319 WARN  org.mybatis.spring.mapper.ClassPathMapperScanner Line:239 - Skipping MapperFactoryBean with name 'exceptionTypeMapper' and 'ExceptionTypeMapper' mapperInterface. Bean already defined with the same name!
===2018-12-07 14:28:02.319 WARN  org.mybatis.spring.mapper.ClassPathMapperScanner Line:239 - Skipping MapperFactoryBean with name 'moodMapper' and 'MoodMapper' mapperInterface. Bean already defined with the same name!
===2018-12-07 14:28:02.319 WARN  org.mybatis.spring.mapper.ClassPathMapperScanner Line:239 - Skipping MapperFactoryBean with name 'statisticsMapper' and 'StatisticsMapper' mapperInterface. Bean already defined with the same name!
===2018-12-07 14:28:02.319 WARN  org.mybatis.spring.mapper.ClassPathMapperScanner Line:239 - Skipping MapperFactoryBean with name 'userMapper' and 'UserMapper' mapperInterface. Bean already defined with the same name!
===2018-12-07 14:28:02.319 WARN  org.mybatis.spring.mapper.ClassPathMapperScanner Line:166 - No MyBatis mapper was found in '[com.lh.diary]' package. Please check your configuration.
