===2018-12-10 15:47:48.147 WARN  org.mybatis.spring.mapper.ClassPathMapperScanner Line:239 - Skipping MapperFactoryBean with name 'calendarMapper' and 'CalendarMapper' mapperInterface. Bean already defined with the same name!
===2018-12-10 15:47:48.152 WARN  org.mybatis.spring.mapper.ClassPathMapperScanner Line:239 - Skipping MapperFactoryBean with name 'diaryContentMapper' and 'DiaryContentMapper' mapperInterface. Bean already defined with the same name!
===2018-12-10 15:47:48.153 WARN  org.mybatis.spring.mapper.ClassPathMapperScanner Line:239 - Skipping MapperFactoryBean with name 'diaryMapper' and 'DiaryMapper' mapperInterface. Bean already defined with the same name!
===2018-12-10 15:47:48.154 WARN  org.mybatis.spring.mapper.ClassPathMapperScanner Line:239 - Skipping MapperFactoryBean with name 'diaryPwdMapper' and 'DiaryPwdMapper' mapperInterface. Bean already defined with the same name!
===2018-12-10 15:47:48.154 WARN  org.mybatis.spring.mapper.ClassPathMapperScanner Line:239 - Skipping MapperFactoryBean with name 'exceptionRecordMapper' and 'ExceptionRecordMapper' mapperInterface. Bean already defined with the same name!
===2018-12-10 15:47:48.154 WARN  org.mybatis.spring.mapper.ClassPathMapperScanner Line:239 - Skipping MapperFactoryBean with name 'exceptionTypeMapper' and 'ExceptionTypeMapper' mapperInterface. Bean already defined with the same name!
===2018-12-10 15:47:48.155 WARN  org.mybatis.spring.mapper.ClassPathMapperScanner Line:239 - Skipping MapperFactoryBean with name 'moodMapper' and 'MoodMapper' mapperInterface. Bean already defined with the same name!
===2018-12-10 15:47:48.155 WARN  org.mybatis.spring.mapper.ClassPathMapperScanner Line:239 - Skipping MapperFactoryBean with name 'statisticsMapper' and 'StatisticsMapper' mapperInterface. Bean already defined with the same name!
===2018-12-10 15:47:48.155 WARN  org.mybatis.spring.mapper.ClassPathMapperScanner Line:239 - Skipping MapperFactoryBean with name 'userMapper' and 'UserMapper' mapperInterface. Bean already defined with the same name!
===2018-12-10 15:47:48.155 WARN  org.mybatis.spring.mapper.ClassPathMapperScanner Line:166 - No MyBatis mapper was found in '[com.lh.diary]' package. Please check your configuration.
===2018-12-10 15:47:55.431 WARN  org.springframework.boot.devtools.autoconfigure.OptionalLiveReloadServer Line:62  - Unable to start LiveReload server
===2018-12-10 15:48:41.713 WARN  org.mybatis.spring.mapper.ClassPathMapperScanner Line:239 - Skipping MapperFactoryBean with name 'calendarMapper' and 'CalendarMapper' mapperInterface. Bean already defined with the same name!
===2018-12-10 15:48:41.714 WARN  org.mybatis.spring.mapper.ClassPathMapperScanner Line:239 - Skipping MapperFactoryBean with name 'diaryContentMapper' and 'DiaryContentMapper' mapperInterface. Bean already defined with the same name!
===2018-12-10 15:48:41.714 WARN  org.mybatis.spring.mapper.ClassPathMapperScanner Line:239 - Skipping MapperFactoryBean with name 'diaryMapper' and 'DiaryMapper' mapperInterface. Bean already defined with the same name!
===2018-12-10 15:48:41.714 WARN  org.mybatis.spring.mapper.ClassPathMapperScanner Line:239 - Skipping MapperFactoryBean with name 'diaryPwdMapper' and 'DiaryPwdMapper' mapperInterface. Bean already defined with the same name!
===2018-12-10 15:48:41.715 WARN  org.mybatis.spring.mapper.ClassPathMapperScanner Line:239 - Skipping MapperFactoryBean with name 'exceptionRecordMapper' and 'ExceptionRecordMapper' mapperInterface. Bean already defined with the same name!
===2018-12-10 15:48:41.715 WARN  org.mybatis.spring.mapper.ClassPathMapperScanner Line:239 - Skipping MapperFactoryBean with name 'exceptionTypeMapper' and 'ExceptionTypeMapper' mapperInterface. Bean already defined with the same name!
===2018-12-10 15:48:41.715 WARN  org.mybatis.spring.mapper.ClassPathMapperScanner Line:239 - Skipping MapperFactoryBean with name 'moodMapper' and 'MoodMapper' mapperInterface. Bean already defined with the same name!
===2018-12-10 15:48:41.715 WARN  org.mybatis.spring.mapper.ClassPathMapperScanner Line:239 - Skipping MapperFactoryBean with name 'statisticsMapper' and 'StatisticsMapper' mapperInterface. Bean already defined with the same name!
===2018-12-10 15:48:41.716 WARN  org.mybatis.spring.mapper.ClassPathMapperScanner Line:239 - Skipping MapperFactoryBean with name 'userMapper' and 'UserMapper' mapperInterface. Bean already defined with the same name!
===2018-12-10 15:48:41.716 WARN  org.mybatis.spring.mapper.ClassPathMapperScanner Line:166 - No MyBatis mapper was found in '[com.lh.diary]' package. Please check your configuration.
===2018-12-10 16:05:43.945 WARN  org.mybatis.spring.mapper.ClassPathMapperScanner Line:239 - Skipping MapperFactoryBean with name 'calendarMapper' and 'CalendarMapper' mapperInterface. Bean already defined with the same name!
===2018-12-10 16:05:43.946 WARN  org.mybatis.spring.mapper.ClassPathMapperScanner Line:239 - Skipping MapperFactoryBean with name 'diaryContentMapper' and 'DiaryContentMapper' mapperInterface. Bean already defined with the same name!
===2018-12-10 16:05:43.946 WARN  org.mybatis.spring.mapper.ClassPathMapperScanner Line:239 - Skipping MapperFactoryBean with name 'diaryMapper' and 'DiaryMapper' mapperInterface. Bean already defined with the same name!
===2018-12-10 16:05:43.946 WARN  org.mybatis.spring.mapper.ClassPathMapperScanner Line:239 - Skipping MapperFactoryBean with name 'diaryPwdMapper' and 'DiaryPwdMapper' mapperInterface. Bean already defined with the same name!
===2018-12-10 16:05:43.947 WARN  org.mybatis.spring.mapper.ClassPathMapperScanner Line:239 - Skipping MapperFactoryBean with name 'exceptionRecordMapper' and 'ExceptionRecordMapper' mapperInterface. Bean already defined with the same name!
===2018-12-10 16:05:43.948 WARN  org.mybatis.spring.mapper.ClassPathMapperScanner Line:239 - Skipping MapperFactoryBean with name 'exceptionTypeMapper' and 'ExceptionTypeMapper' mapperInterface. Bean already defined with the same name!
===2018-12-10 16:05:43.948 WARN  org.mybatis.spring.mapper.ClassPathMapperScanner Line:239 - Skipping MapperFactoryBean with name 'moodMapper' and 'MoodMapper' mapperInterface. Bean already defined with the same name!
===2018-12-10 16:05:43.948 WARN  org.mybatis.spring.mapper.ClassPathMapperScanner Line:239 - Skipping MapperFactoryBean with name 'statisticsMapper' and 'StatisticsMapper' mapperInterface. Bean already defined with the same name!
===2018-12-10 16:05:43.949 WARN  org.mybatis.spring.mapper.ClassPathMapperScanner Line:239 - Skipping MapperFactoryBean with name 'userMapper' and 'UserMapper' mapperInterface. Bean already defined with the same name!
===2018-12-10 16:05:43.949 WARN  org.mybatis.spring.mapper.ClassPathMapperScanner Line:166 - No MyBatis mapper was found in '[com.lh.diary]' package. Please check your configuration.
===2018-12-10 17:01:47.695 WARN  org.mybatis.spring.mapper.ClassPathMapperScanner Line:239 - Skipping MapperFactoryBean with name 'calendarMapper' and 'com.spj.diary.mapper.CalendarMapper' mapperInterface. Bean already defined with the same name!
===2018-12-10 17:01:47.696 WARN  org.mybatis.spring.mapper.ClassPathMapperScanner Line:239 - Skipping MapperFactoryBean with name 'diaryContentMapper' and 'com.spj.diary.mapper.DiaryContentMapper' mapperInterface. Bean already defined with the same name!
===2018-12-10 17:01:47.696 WARN  org.mybatis.spring.mapper.ClassPathMapperScanner Line:239 - Skipping MapperFactoryBean with name 'diaryMapper' and 'com.spj.diary.mapper.DiaryMapper' mapperInterface. Bean already defined with the same name!
===2018-12-10 17:01:47.696 WARN  org.mybatis.spring.mapper.ClassPathMapperScanner Line:239 - Skipping MapperFactoryBean with name 'diaryPwdMapper' and 'com.spj.diary.mapper.DiaryPwdMapper' mapperInterface. Bean already defined with the same name!
===2018-12-10 17:01:47.697 WARN  org.mybatis.spring.mapper.ClassPathMapperScanner Line:239 - Skipping MapperFactoryBean with name 'exceptionRecordMapper' and 'com.spj.diary.mapper.ExceptionRecordMapper' mapperInterface. Bean already defined with the same name!
===2018-12-10 17:01:47.697 WARN  org.mybatis.spring.mapper.ClassPathMapperScanner Line:239 - Skipping MapperFactoryBean with name 'exceptionTypeMapper' and 'com.spj.diary.mapper.ExceptionTypeMapper' mapperInterface. Bean already defined with the same name!
===2018-12-10 17:01:47.697 WARN  org.mybatis.spring.mapper.ClassPathMapperScanner Line:239 - Skipping MapperFactoryBean with name 'moodMapper' and 'com.spj.diary.mapper.MoodMapper' mapperInterface. Bean already defined with the same name!
===2018-12-10 17:01:47.698 WARN  org.mybatis.spring.mapper.ClassPathMapperScanner Line:239 - Skipping MapperFactoryBean with name 'statisticsMapper' and 'com.spj.diary.mapper.StatisticsMapper' mapperInterface. Bean already defined with the same name!
===2018-12-10 17:01:47.699 WARN  org.mybatis.spring.mapper.ClassPathMapperScanner Line:239 - Skipping MapperFactoryBean with name 'userMapper' and 'com.spj.diary.mapper.UserMapper' mapperInterface. Bean already defined with the same name!
===2018-12-10 17:01:47.699 WARN  org.mybatis.spring.mapper.ClassPathMapperScanner Line:166 - No MyBatis mapper was found in '[com.spj.diary]' package. Please check your configuration.
===2018-12-10 17:20:43.892 WARN  org.mybatis.spring.mapper.ClassPathMapperScanner Line:239 - Skipping MapperFactoryBean with name 'calendarMapper' and 'com.spj.diary.mapper.CalendarMapper' mapperInterface. Bean already defined with the same name!
===2018-12-10 17:20:43.892 WARN  org.mybatis.spring.mapper.ClassPathMapperScanner Line:239 - Skipping MapperFactoryBean with name 'diaryContentMapper' and 'com.spj.diary.mapper.DiaryContentMapper' mapperInterface. Bean already defined with the same name!
===2018-12-10 17:20:43.892 WARN  org.mybatis.spring.mapper.ClassPathMapperScanner Line:239 - Skipping MapperFactoryBean with name 'diaryMapper' and 'com.spj.diary.mapper.DiaryMapper' mapperInterface. Bean already defined with the same name!
===2018-12-10 17:20:43.893 WARN  org.mybatis.spring.mapper.ClassPathMapperScanner Line:239 - Skipping MapperFactoryBean with name 'diaryPwdMapper' and 'com.spj.diary.mapper.DiaryPwdMapper' mapperInterface. Bean already defined with the same name!
===2018-12-10 17:20:43.893 WARN  org.mybatis.spring.mapper.ClassPathMapperScanner Line:239 - Skipping MapperFactoryBean with name 'exceptionRecordMapper' and 'com.spj.diary.mapper.ExceptionRecordMapper' mapperInterface. Bean already defined with the same name!
===2018-12-10 17:20:43.894 WARN  org.mybatis.spring.mapper.ClassPathMapperScanner Line:239 - Skipping MapperFactoryBean with name 'exceptionTypeMapper' and 'com.spj.diary.mapper.ExceptionTypeMapper' mapperInterface. Bean already defined with the same name!
===2018-12-10 17:20:43.895 WARN  org.mybatis.spring.mapper.ClassPathMapperScanner Line:239 - Skipping MapperFactoryBean with name 'moodMapper' and 'com.spj.diary.mapper.MoodMapper' mapperInterface. Bean already defined with the same name!
===2018-12-10 17:20:43.895 WARN  org.mybatis.spring.mapper.ClassPathMapperScanner Line:239 - Skipping MapperFactoryBean with name 'statisticsMapper' and 'com.spj.diary.mapper.StatisticsMapper' mapperInterface. Bean already defined with the same name!
===2018-12-10 17:20:43.896 WARN  org.mybatis.spring.mapper.ClassPathMapperScanner Line:239 - Skipping MapperFactoryBean with name 'userMapper' and 'com.spj.diary.mapper.UserMapper' mapperInterface. Bean already defined with the same name!
===2018-12-10 17:20:43.897 WARN  org.mybatis.spring.mapper.ClassPathMapperScanner Line:166 - No MyBatis mapper was found in '[com.spj.diary]' package. Please check your configuration.
===2018-12-10 17:29:28.287 WARN  org.mybatis.spring.mapper.ClassPathMapperScanner Line:239 - Skipping MapperFactoryBean with name 'calendarMapper' and 'com.spj.diary.mapper.CalendarMapper' mapperInterface. Bean already defined with the same name!
===2018-12-10 17:29:28.288 WARN  org.mybatis.spring.mapper.ClassPathMapperScanner Line:239 - Skipping MapperFactoryBean with name 'diaryContentMapper' and 'com.spj.diary.mapper.DiaryContentMapper' mapperInterface. Bean already defined with the same name!
===2018-12-10 17:29:28.288 WARN  org.mybatis.spring.mapper.ClassPathMapperScanner Line:239 - Skipping MapperFactoryBean with name 'diaryMapper' and 'com.spj.diary.mapper.DiaryMapper' mapperInterface. Bean already defined with the same name!
===2018-12-10 17:29:28.288 WARN  org.mybatis.spring.mapper.ClassPathMapperScanner Line:239 - Skipping MapperFactoryBean with name 'diaryPwdMapper' and 'com.spj.diary.mapper.DiaryPwdMapper' mapperInterface. Bean already defined with the same name!
===2018-12-10 17:29:28.288 WARN  org.mybatis.spring.mapper.ClassPathMapperScanner Line:239 - Skipping MapperFactoryBean with name 'exceptionRecordMapper' and 'com.spj.diary.mapper.ExceptionRecordMapper' mapperInterface. Bean already defined with the same name!
===2018-12-10 17:29:28.289 WARN  org.mybatis.spring.mapper.ClassPathMapperScanner Line:239 - Skipping MapperFactoryBean with name 'exceptionTypeMapper' and 'com.spj.diary.mapper.ExceptionTypeMapper' mapperInterface. Bean already defined with the same name!
===2018-12-10 17:29:28.289 WARN  org.mybatis.spring.mapper.ClassPathMapperScanner Line:239 - Skipping MapperFactoryBean with name 'moodMapper' and 'com.spj.diary.mapper.MoodMapper' mapperInterface. Bean already defined with the same name!
===2018-12-10 17:29:28.289 WARN  org.mybatis.spring.mapper.ClassPathMapperScanner Line:239 - Skipping MapperFactoryBean with name 'statisticsMapper' and 'com.spj.diary.mapper.StatisticsMapper' mapperInterface. Bean already defined with the same name!
===2018-12-10 17:29:28.290 WARN  org.mybatis.spring.mapper.ClassPathMapperScanner Line:239 - Skipping MapperFactoryBean with name 'userMapper' and 'com.spj.diary.mapper.UserMapper' mapperInterface. Bean already defined with the same name!
===2018-12-10 17:29:28.290 WARN  org.mybatis.spring.mapper.ClassPathMapperScanner Line:166 - No MyBatis mapper was found in '[com.spj.diary]' package. Please check your configuration.
===2018-12-10 17:31:25.279 WARN  org.mybatis.spring.mapper.ClassPathMapperScanner Line:239 - Skipping MapperFactoryBean with name 'calendarMapper' and 'com.spj.diary.mapper.CalendarMapper' mapperInterface. Bean already defined with the same name!
===2018-12-10 17:31:25.279 WARN  org.mybatis.spring.mapper.ClassPathMapperScanner Line:239 - Skipping MapperFactoryBean with name 'diaryContentMapper' and 'com.spj.diary.mapper.DiaryContentMapper' mapperInterface. Bean already defined with the same name!
===2018-12-10 17:31:25.279 WARN  org.mybatis.spring.mapper.ClassPathMapperScanner Line:239 - Skipping MapperFactoryBean with name 'diaryMapper' and 'com.spj.diary.mapper.DiaryMapper' mapperInterface. Bean already defined with the same name!
===2018-12-10 17:31:25.280 WARN  org.mybatis.spring.mapper.ClassPathMapperScanner Line:239 - Skipping MapperFactoryBean with name 'diaryPwdMapper' and 'com.spj.diary.mapper.DiaryPwdMapper' mapperInterface. Bean already defined with the same name!
===2018-12-10 17:31:25.280 WARN  org.mybatis.spring.mapper.ClassPathMapperScanner Line:239 - Skipping MapperFactoryBean with name 'exceptionRecordMapper' and 'com.spj.diary.mapper.ExceptionRecordMapper' mapperInterface. Bean already defined with the same name!
===2018-12-10 17:31:25.280 WARN  org.mybatis.spring.mapper.ClassPathMapperScanner Line:239 - Skipping MapperFactoryBean with name 'exceptionTypeMapper' and 'com.spj.diary.mapper.ExceptionTypeMapper' mapperInterface. Bean already defined with the same name!
===2018-12-10 17:31:25.281 WARN  org.mybatis.spring.mapper.ClassPathMapperScanner Line:239 - Skipping MapperFactoryBean with name 'moodMapper' and 'com.spj.diary.mapper.MoodMapper' mapperInterface. Bean already defined with the same name!
===2018-12-10 17:31:25.281 WARN  org.mybatis.spring.mapper.ClassPathMapperScanner Line:239 - Skipping MapperFactoryBean with name 'statisticsMapper' and 'com.spj.diary.mapper.StatisticsMapper' mapperInterface. Bean already defined with the same name!
===2018-12-10 17:31:25.281 WARN  org.mybatis.spring.mapper.ClassPathMapperScanner Line:239 - Skipping MapperFactoryBean with name 'userMapper' and 'com.spj.diary.mapper.UserMapper' mapperInterface. Bean already defined with the same name!
===2018-12-10 17:31:25.281 WARN  org.mybatis.spring.mapper.ClassPathMapperScanner Line:166 - No MyBatis mapper was found in '[com.spj.diary]' package. Please check your configuration.
===2018-12-10 17:35:00.904 WARN  org.mybatis.spring.mapper.ClassPathMapperScanner Line:239 - Skipping MapperFactoryBean with name 'calendarMapper' and 'com.spj.diary.mapper.CalendarMapper' mapperInterface. Bean already defined with the same name!
===2018-12-10 17:35:00.904 WARN  org.mybatis.spring.mapper.ClassPathMapperScanner Line:239 - Skipping MapperFactoryBean with name 'diaryContentMapper' and 'com.spj.diary.mapper.DiaryContentMapper' mapperInterface. Bean already defined with the same name!
===2018-12-10 17:35:00.904 WARN  org.mybatis.spring.mapper.ClassPathMapperScanner Line:239 - Skipping MapperFactoryBean with name 'diaryMapper' and 'com.spj.diary.mapper.DiaryMapper' mapperInterface. Bean already defined with the same name!
===2018-12-10 17:35:00.905 WARN  org.mybatis.spring.mapper.ClassPathMapperScanner Line:239 - Skipping MapperFactoryBean with name 'diaryPwdMapper' and 'com.spj.diary.mapper.DiaryPwdMapper' mapperInterface. Bean already defined with the same name!
===2018-12-10 17:35:00.905 WARN  org.mybatis.spring.mapper.ClassPathMapperScanner Line:239 - Skipping MapperFactoryBean with name 'exceptionRecordMapper' and 'com.spj.diary.mapper.ExceptionRecordMapper' mapperInterface. Bean already defined with the same name!
===2018-12-10 17:35:00.905 WARN  org.mybatis.spring.mapper.ClassPathMapperScanner Line:239 - Skipping MapperFactoryBean with name 'exceptionTypeMapper' and 'com.spj.diary.mapper.ExceptionTypeMapper' mapperInterface. Bean already defined with the same name!
===2018-12-10 17:35:00.906 WARN  org.mybatis.spring.mapper.ClassPathMapperScanner Line:239 - Skipping MapperFactoryBean with name 'moodMapper' and 'com.spj.diary.mapper.MoodMapper' mapperInterface. Bean already defined with the same name!
===2018-12-10 17:35:00.906 WARN  org.mybatis.spring.mapper.ClassPathMapperScanner Line:239 - Skipping MapperFactoryBean with name 'statisticsMapper' and 'com.spj.diary.mapper.StatisticsMapper' mapperInterface. Bean already defined with the same name!
===2018-12-10 17:35:00.906 WARN  org.mybatis.spring.mapper.ClassPathMapperScanner Line:239 - Skipping MapperFactoryBean with name 'userMapper' and 'com.spj.diary.mapper.UserMapper' mapperInterface. Bean already defined with the same name!
===2018-12-10 17:35:00.906 WARN  org.mybatis.spring.mapper.ClassPathMapperScanner Line:166 - No MyBatis mapper was found in '[com.spj.diary]' package. Please check your configuration.
===2018-12-10 17:38:46.965 WARN  org.mybatis.spring.mapper.ClassPathMapperScanner Line:239 - Skipping MapperFactoryBean with name 'calendarMapper' and 'com.spj.diary.mapper.CalendarMapper' mapperInterface. Bean already defined with the same name!
===2018-12-10 17:38:46.966 WARN  org.mybatis.spring.mapper.ClassPathMapperScanner Line:239 - Skipping MapperFactoryBean with name 'diaryContentMapper' and 'com.spj.diary.mapper.DiaryContentMapper' mapperInterface. Bean already defined with the same name!
===2018-12-10 17:38:46.966 WARN  org.mybatis.spring.mapper.ClassPathMapperScanner Line:239 - Skipping MapperFactoryBean with name 'diaryMapper' and 'com.spj.diary.mapper.DiaryMapper' mapperInterface. Bean already defined with the same name!
===2018-12-10 17:38:46.966 WARN  org.mybatis.spring.mapper.ClassPathMapperScanner Line:239 - Skipping MapperFactoryBean with name 'diaryPwdMapper' and 'com.spj.diary.mapper.DiaryPwdMapper' mapperInterface. Bean already defined with the same name!
===2018-12-10 17:38:46.967 WARN  org.mybatis.spring.mapper.ClassPathMapperScanner Line:239 - Skipping MapperFactoryBean with name 'exceptionRecordMapper' and 'com.spj.diary.mapper.ExceptionRecordMapper' mapperInterface. Bean already defined with the same name!
===2018-12-10 17:38:46.967 WARN  org.mybatis.spring.mapper.ClassPathMapperScanner Line:239 - Skipping MapperFactoryBean with name 'exceptionTypeMapper' and 'com.spj.diary.mapper.ExceptionTypeMapper' mapperInterface. Bean already defined with the same name!
===2018-12-10 17:38:46.967 WARN  org.mybatis.spring.mapper.ClassPathMapperScanner Line:239 - Skipping MapperFactoryBean with name 'moodMapper' and 'com.spj.diary.mapper.MoodMapper' mapperInterface. Bean already defined with the same name!
===2018-12-10 17:38:46.967 WARN  org.mybatis.spring.mapper.ClassPathMapperScanner Line:239 - Skipping MapperFactoryBean with name 'statisticsMapper' and 'com.spj.diary.mapper.StatisticsMapper' mapperInterface. Bean already defined with the same name!
===2018-12-10 17:38:46.968 WARN  org.mybatis.spring.mapper.ClassPathMapperScanner Line:239 - Skipping MapperFactoryBean with name 'userMapper' and 'com.spj.diary.mapper.UserMapper' mapperInterface. Bean already defined with the same name!
===2018-12-10 17:38:46.968 WARN  org.mybatis.spring.mapper.ClassPathMapperScanner Line:166 - No MyBatis mapper was found in '[com.spj.diary]' package. Please check your configuration.
